nohup: ignoring input

  You can now view your Streamlit app in your browser.

  Local URL: http://localhost:8501
  Network URL: http://10.5.0.2:8501
  External URL: http://45.95.161.18:8501

/home/hs32/.pyenv/versions/3.11.11/lib/python3.11/site-packages/sklearn/base.py:376: InconsistentVersionWarning: Trying to unpickle estimator LabelEncoder from version 1.2.2 when using version 1.5.2. This might lead to breaking code or invalid results. Use at your own risk. For more info please refer to:
https://scikit-learn.org/stable/model_persistence.html#security-maintainability-limitations
  warnings.warn(
/home/hs32/.pyenv/versions/3.11.11/lib/python3.11/site-packages/sklearn/base.py:486: UserWarning: X has feature names, but RandomForestClassifier was fitted without feature names
  warnings.warn(
2025-12-17 18:26:27.468 Please replace `use_container_width` with `width`.

`use_container_width` will be removed after 2025-12-31.

For `use_container_width=True`, use `width='stretch'`. For `use_container_width=False`, use `width='content'`.
2025-12-17 18:26:27.484 Please replace `use_container_width` with `width`.

`use_container_width` will be removed after 2025-12-31.

For `use_container_width=True`, use `width='stretch'`. For `use_container_width=False`, use `width='content'`.
2025-12-17 18:26:27.672 Please replace `use_container_width` with `width`.

`use_container_width` will be removed after 2025-12-31.

For `use_container_width=True`, use `width='stretch'`. For `use_container_width=False`, use `width='content'`.
/home/hs32/.pyenv/versions/3.11.11/lib/python3.11/site-packages/sklearn/base.py:486: UserWarning:

X has feature names, but RandomForestClassifier was fitted without feature names

2025-12-17 18:26:33.243 Please replace `use_container_width` with `width`.

`use_container_width` will be removed after 2025-12-31.

For `use_container_width=True`, use `width='stretch'`. For `use_container_width=False`, use `width='content'`.
2025-12-17 18:26:33.247 Please replace `use_container_width` with `width`.

`use_container_width` will be removed after 2025-12-31.

For `use_container_width=True`, use `width='stretch'`. For `use_container_width=False`, use `width='content'`.
2025-12-17 18:26:33.336 Please replace `use_container_width` with `width`.

`use_container_width` will be removed after 2025-12-31.

For `use_container_width=True`, use `width='stretch'`. For `use_container_width=False`, use `width='content'`.
/home/hs32/.pyenv/versions/3.11.11/lib/python3.11/site-packages/sklearn/base.py:486: UserWarning:

X has feature names, but RandomForestClassifier was fitted without feature names

2025-12-17 18:26:43.990 Please replace `use_container_width` with `width`.

`use_container_width` will be removed after 2025-12-31.

For `use_container_width=True`, use `width='stretch'`. For `use_container_width=False`, use `width='content'`.
2025-12-17 18:26:43.997 Please replace `use_container_width` with `width`.

`use_container_width` will be removed after 2025-12-31.

For `use_container_width=True`, use `width='stretch'`. For `use_container_width=False`, use `width='content'`.
2025-12-17 18:26:44.067 Please replace `use_container_width` with `width`.

`use_container_width` will be removed after 2025-12-31.

For `use_container_width=True`, use `width='stretch'`. For `use_container_width=False`, use `width='content'`.
/home/hs32/.pyenv/versions/3.11.11/lib/python3.11/site-packages/sklearn/base.py:486: UserWarning:

X has feature names, but RandomForestClassifier was fitted without feature names

2025-12-17 18:26:49.711 Please replace `use_container_width` with `width`.

`use_container_width` will be removed after 2025-12-31.

For `use_container_width=True`, use `width='stretch'`. For `use_container_width=False`, use `width='content'`.
2025-12-17 18:26:49.717 Please replace `use_container_width` with `width`.

`use_container_width` will be removed after 2025-12-31.

For `use_container_width=True`, use `width='stretch'`. For `use_container_width=False`, use `width='content'`.
2025-12-17 18:26:49.815 Please replace `use_container_width` with `width`.

`use_container_width` will be removed after 2025-12-31.

For `use_container_width=True`, use `width='stretch'`. For `use_container_width=False`, use `width='content'`.
/home/hs32/.pyenv/versions/3.11.11/lib/python3.11/site-packages/sklearn/base.py:486: UserWarning:

X has feature names, but RandomForestClassifier was fitted without feature names

2025-12-17 18:26:55.325 Please replace `use_container_width` with `width`.

`use_container_width` will be removed after 2025-12-31.

For `use_container_width=True`, use `width='stretch'`. For `use_container_width=False`, use `width='content'`.
2025-12-17 18:26:55.329 Please replace `use_container_width` with `width`.

`use_container_width` will be removed after 2025-12-31.

For `use_container_width=True`, use `width='stretch'`. For `use_container_width=False`, use `width='content'`.
2025-12-17 18:26:55.422 Please replace `use_container_width` with `width`.

`use_container_width` will be removed after 2025-12-31.

For `use_container_width=True`, use `width='stretch'`. For `use_container_width=False`, use `width='content'`.
/home/hs32/.pyenv/versions/3.11.11/lib/python3.11/site-packages/sklearn/base.py:486: UserWarning:

X has feature names, but RandomForestClassifier was fitted without feature names

2025-12-17 18:27:01.221 Please replace `use_container_width` with `width`.

`use_container_width` will be removed after 2025-12-31.

For `use_container_width=True`, use `width='stretch'`. For `use_container_width=False`, use `width='content'`.
2025-12-17 18:27:01.226 Please replace `use_container_width` with `width`.

`use_container_width` will be removed after 2025-12-31.

For `use_container_width=True`, use `width='stretch'`. For `use_container_width=False`, use `width='content'`.
2025-12-17 18:27:01.307 Please replace `use_container_width` with `width`.

`use_container_width` will be removed after 2025-12-31.

For `use_container_width=True`, use `width='stretch'`. For `use_container_width=False`, use `width='content'`.
/home/hs32/.pyenv/versions/3.11.11/lib/python3.11/site-packages/sklearn/base.py:486: UserWarning:

X has feature names, but RandomForestClassifier was fitted without feature names

2025-12-17 18:27:06.738 Please replace `use_container_width` with `width`.

`use_container_width` will be removed after 2025-12-31.

For `use_container_width=True`, use `width='stretch'`. For `use_container_width=False`, use `width='content'`.
2025-12-17 18:27:06.742 Please replace `use_container_width` with `width`.

`use_container_width` will be removed after 2025-12-31.

For `use_container_width=True`, use `width='stretch'`. For `use_container_width=False`, use `width='content'`.
2025-12-17 18:27:06.820 Please replace `use_container_width` with `width`.

`use_container_width` will be removed after 2025-12-31.

For `use_container_width=True`, use `width='stretch'`. For `use_container_width=False`, use `width='content'`.
/home/hs32/.pyenv/versions/3.11.11/lib/python3.11/site-packages/sklearn/base.py:486: UserWarning:

X has feature names, but RandomForestClassifier was fitted without feature names

2025-12-17 18:27:13.374 Please replace `use_container_width` with `width`.

`use_container_width` will be removed after 2025-12-31.

For `use_container_width=True`, use `width='stretch'`. For `use_container_width=False`, use `width='content'`.
2025-12-17 18:27:13.382 Please replace `use_container_width` with `width`.

`use_container_width` will be removed after 2025-12-31.

For `use_container_width=True`, use `width='stretch'`. For `use_container_width=False`, use `width='content'`.
2025-12-17 18:27:13.462 Please replace `use_container_width` with `width`.

`use_container_width` will be removed after 2025-12-31.

For `use_container_width=True`, use `width='stretch'`. For `use_container_width=False`, use `width='content'`.
/home/hs32/.pyenv/versions/3.11.11/lib/python3.11/site-packages/sklearn/base.py:486: UserWarning:

X has feature names, but RandomForestClassifier was fitted without feature names

2025-12-17 18:27:19.011 Please replace `use_container_width` with `width`.

`use_container_width` will be removed after 2025-12-31.

For `use_container_width=True`, use `width='stretch'`. For `use_container_width=False`, use `width='content'`.
2025-12-17 18:27:19.015 Please replace `use_container_width` with `width`.

`use_container_width` will be removed after 2025-12-31.

For `use_container_width=True`, use `width='stretch'`. For `use_container_width=False`, use `width='content'`.
2025-12-17 18:27:19.100 Please replace `use_container_width` with `width`.

`use_container_width` will be removed after 2025-12-31.

For `use_container_width=True`, use `width='stretch'`. For `use_container_width=False`, use `width='content'`.
/home/hs32/.pyenv/versions/3.11.11/lib/python3.11/site-packages/sklearn/base.py:486: UserWarning:

X has feature names, but RandomForestClassifier was fitted without feature names

2025-12-17 18:27:24.639 Please replace `use_container_width` with `width`.

`use_container_width` will be removed after 2025-12-31.

For `use_container_width=True`, use `width='stretch'`. For `use_container_width=False`, use `width='content'`.
2025-12-17 18:27:24.643 Please replace `use_container_width` with `width`.

`use_container_width` will be removed after 2025-12-31.

For `use_container_width=True`, use `width='stretch'`. For `use_container_width=False`, use `width='content'`.
2025-12-17 18:27:24.721 Please replace `use_container_width` with `width`.

`use_container_width` will be removed after 2025-12-31.

For `use_container_width=True`, use `width='stretch'`. For `use_container_width=False`, use `width='content'`.
/home/hs32/.pyenv/versions/3.11.11/lib/python3.11/site-packages/sklearn/base.py:486: UserWarning:

X has feature names, but RandomForestClassifier was fitted without feature names

2025-12-17 18:27:30.261 Please replace `use_container_width` with `width`.

`use_container_width` will be removed after 2025-12-31.

For `use_container_width=True`, use `width='stretch'`. For `use_container_width=False`, use `width='content'`.
2025-12-17 18:27:30.265 Please replace `use_container_width` with `width`.

`use_container_width` will be removed after 2025-12-31.

For `use_container_width=True`, use `width='stretch'`. For `use_container_width=False`, use `width='content'`.
2025-12-17 18:27:30.351 Please replace `use_container_width` with `width`.

`use_container_width` will be removed after 2025-12-31.

For `use_container_width=True`, use `width='stretch'`. For `use_container_width=False`, use `width='content'`.
/home/hs32/.pyenv/versions/3.11.11/lib/python3.11/site-packages/sklearn/base.py:486: UserWarning:

X has feature names, but RandomForestClassifier was fitted without feature names

2025-12-17 18:27:40.953 Please replace `use_container_width` with `width`.

`use_container_width` will be removed after 2025-12-31.

For `use_container_width=True`, use `width='stretch'`. For `use_container_width=False`, use `width='content'`.
2025-12-17 18:27:40.957 Please replace `use_container_width` with `width`.

`use_container_width` will be removed after 2025-12-31.

For `use_container_width=True`, use `width='stretch'`. For `use_container_width=False`, use `width='content'`.
2025-12-17 18:27:41.044 Please replace `use_container_width` with `width`.

`use_container_width` will be removed after 2025-12-31.

For `use_container_width=True`, use `width='stretch'`. For `use_container_width=False`, use `width='content'`.
/home/hs32/.pyenv/versions/3.11.11/lib/python3.11/site-packages/sklearn/base.py:486: UserWarning:

X has feature names, but RandomForestClassifier was fitted without feature names

2025-12-17 18:27:46.550 Please replace `use_container_width` with `width`.

`use_container_width` will be removed after 2025-12-31.

For `use_container_width=True`, use `width='stretch'`. For `use_container_width=False`, use `width='content'`.
2025-12-17 18:27:46.555 Please replace `use_container_width` with `width`.

`use_container_width` will be removed after 2025-12-31.

For `use_container_width=True`, use `width='stretch'`. For `use_container_width=False`, use `width='content'`.
2025-12-17 18:27:46.632 Please replace `use_container_width` with `width`.

`use_container_width` will be removed after 2025-12-31.

For `use_container_width=True`, use `width='stretch'`. For `use_container_width=False`, use `width='content'`.
/home/hs32/.pyenv/versions/3.11.11/lib/python3.11/site-packages/sklearn/base.py:486: UserWarning:

X has feature names, but RandomForestClassifier was fitted without feature names

2025-12-17 18:27:52.217 Please replace `use_container_width` with `width`.

`use_container_width` will be removed after 2025-12-31.

For `use_container_width=True`, use `width='stretch'`. For `use_container_width=False`, use `width='content'`.
2025-12-17 18:27:52.223 Please replace `use_container_width` with `width`.

`use_container_width` will be removed after 2025-12-31.

For `use_container_width=True`, use `width='stretch'`. For `use_container_width=False`, use `width='content'`.
2025-12-17 18:27:52.348 Please replace `use_container_width` with `width`.

`use_container_width` will be removed after 2025-12-31.

For `use_container_width=True`, use `width='stretch'`. For `use_container_width=False`, use `width='content'`.
/home/hs32/.pyenv/versions/3.11.11/lib/python3.11/site-packages/sklearn/base.py:486: UserWarning:

X has feature names, but RandomForestClassifier was fitted without feature names

2025-12-17 18:28:03.039 Please replace `use_container_width` with `width`.

`use_container_width` will be removed after 2025-12-31.

For `use_container_width=True`, use `width='stretch'`. For `use_container_width=False`, use `width='content'`.
2025-12-17 18:28:03.043 Please replace `use_container_width` with `width`.

`use_container_width` will be removed after 2025-12-31.

For `use_container_width=True`, use `width='stretch'`. For `use_container_width=False`, use `width='content'`.
2025-12-17 18:28:03.124 Please replace `use_container_width` with `width`.

`use_container_width` will be removed after 2025-12-31.

For `use_container_width=True`, use `width='stretch'`. For `use_container_width=False`, use `width='content'`.
/home/hs32/.pyenv/versions/3.11.11/lib/python3.11/site-packages/sklearn/base.py:486: UserWarning:

X has feature names, but RandomForestClassifier was fitted without feature names

2025-12-17 18:28:08.562 Please replace `use_container_width` with `width`.

`use_container_width` will be removed after 2025-12-31.

For `use_container_width=True`, use `width='stretch'`. For `use_container_width=False`, use `width='content'`.
2025-12-17 18:28:08.566 Please replace `use_container_width` with `width`.

`use_container_width` will be removed after 2025-12-31.

For `use_container_width=True`, use `width='stretch'`. For `use_container_width=False`, use `width='content'`.
2025-12-17 18:28:08.654 Please replace `use_container_width` with `width`.

`use_container_width` will be removed after 2025-12-31.

For `use_container_width=True`, use `width='stretch'`. For `use_container_width=False`, use `width='content'`.
